<?xml version="1.0" encoding="UTF-8"?>
<!-- Generated by org.testng.reporters.JUnitXMLReporter -->
<testsuite ignored="0" hostname="Pratik-HP" failures="0" tests="2" name="Test" time="46.435" errors="0" timestamp="2023-08-22T13:44:28 IST">
  <testcase classname="testcases.ViewAndUpdatePageProfilePageTest" name="@BeforeClass initialize" time="46.367">
    <failure type="org.openqa.selenium.SessionNotCreatedException" message="session not created: This version of ChromeDriver only supports Chrome version 114
Current browser version is 116.0.5845.97 with binary path C:\Program Files\Google\Chrome\Application\chrome.exe
Build info: version: &amp;apos;3.141.59&amp;apos;, revision: &amp;apos;e82be7d358&amp;apos;, time: &amp;apos;2018-11-14T08:17:03&amp;apos;
System info: host: &amp;apos;PRATIK-HP&amp;apos;, ip: &amp;apos;192.168.23.150&amp;apos;, os.name: &amp;apos;Windows 11&amp;apos;, os.arch: &amp;apos;amd64&amp;apos;, os.version: &amp;apos;10.0&amp;apos;, java.version: &amp;apos;17.0.6&amp;apos;
Driver info: driver.version: ChromeDriver
remote stacktrace: Backtrace:
	GetHandleVerifier [0x0035A813+48355]
	(No symbol) [0x002EC4B1]
	(No symbol) [0x001F5358]
	(No symbol) [0x002161AC]
	(No symbol) [0x00211EF3]
	(No symbol) [0x00210579]
	(No symbol) [0x00240C55]
	(No symbol) [0x0024093C]
	(No symbol) [0x0023A536]
	(No symbol) [0x002182DC]
	(No symbol) [0x002193DD]
	GetHandleVerifier [0x005BAABD+2539405]
	GetHandleVerifier [0x005FA78F+2800735]
	GetHandleVerifier [0x005F456C+2775612]
	GetHandleVerifier [0x003E51E0+616112]
	(No symbol) [0x002F5F8C]
	(No symbol) [0x002F2328]
	(No symbol) [0x002F240B]
	(No symbol) [0x002E4FF7]
	BaseThreadInitThunk [0x76137D59+25]
	RtlInitializeExceptionChain [0x7738B79B+107]
	RtlClearBits [0x7738B71F+191]
">
      <![CDATA[org.openqa.selenium.SessionNotCreatedException: session not created: This version of ChromeDriver only supports Chrome version 114
Current browser version is 116.0.5845.97 with binary path C:\Program Files\Google\Chrome\Application\chrome.exe
Build info: version: '3.141.59', revision: 'e82be7d358', time: '2018-11-14T08:17:03'
System info: host: 'PRATIK-HP', ip: '192.168.23.150', os.name: 'Windows 11', os.arch: 'amd64', os.version: '10.0', java.version: '17.0.6'
Driver info: driver.version: ChromeDriver
remote stacktrace: Backtrace:
GetHandleVerifier [0x0035A813+48355]
(No symbol) [0x002EC4B1]
(No symbol) [0x001F5358]
(No symbol) [0x002161AC]
(No symbol) [0x00211EF3]
(No symbol) [0x00210579]
(No symbol) [0x00240C55]
(No symbol) [0x0024093C]
(No symbol) [0x0023A536]
(No symbol) [0x002182DC]
(No symbol) [0x002193DD]
GetHandleVerifier [0x005BAABD+2539405]
GetHandleVerifier [0x005FA78F+2800735]
GetHandleVerifier [0x005F456C+2775612]
GetHandleVerifier [0x003E51E0+616112]
(No symbol) [0x002F5F8C]
(No symbol) [0x002F2328]
(No symbol) [0x002F240B]
(No symbol) [0x002E4FF7]
BaseThreadInitThunk [0x76137D59+25]
RtlInitializeExceptionChain [0x7738B79B+107]
RtlClearBits [0x7738B71F+191]

at org.openqa.selenium.remote.W3CHandshakeResponse.lambda$errorHandler$0(W3CHandshakeResponse.java:62)
at org.openqa.selenium.remote.HandshakeResponse.lambda$getResponseFunction$0(HandshakeResponse.java:30)
at org.openqa.selenium.remote.ProtocolHandshake.lambda$createSession$0(ProtocolHandshake.java:126)
at java.base/java.util.stream.ReferencePipeline$3$1.accept(ReferencePipeline.java:197)
at java.base/java.util.Spliterators$ArraySpliterator.tryAdvance(Spliterators.java:1002)
at java.base/java.util.stream.ReferencePipeline.forEachWithCancel(ReferencePipeline.java:129)
at java.base/java.util.stream.AbstractPipeline.copyIntoWithCancel(AbstractPipeline.java:527)
at java.base/java.util.stream.AbstractPipeline.copyInto(AbstractPipeline.java:513)
at java.base/java.util.stream.AbstractPipeline.wrapAndCopyInto(AbstractPipeline.java:499)
at java.base/java.util.stream.FindOps$FindOp.evaluateSequential(FindOps.java:150)
at java.base/java.util.stream.AbstractPipeline.evaluate(AbstractPipeline.java:234)
at java.base/java.util.stream.ReferencePipeline.findFirst(ReferencePipeline.java:647)
at org.openqa.selenium.remote.ProtocolHandshake.createSession(ProtocolHandshake.java:128)
at org.openqa.selenium.remote.ProtocolHandshake.createSession(ProtocolHandshake.java:74)
at org.openqa.selenium.remote.HttpCommandExecutor.execute(HttpCommandExecutor.java:136)
at org.openqa.selenium.remote.service.DriverCommandExecutor.execute(DriverCommandExecutor.java:83)
at org.openqa.selenium.remote.RemoteWebDriver.execute(RemoteWebDriver.java:552)
at org.openqa.selenium.remote.RemoteWebDriver.startSession(RemoteWebDriver.java:213)
at org.openqa.selenium.remote.RemoteWebDriver.<init>(RemoteWebDriver.java:131)
at org.openqa.selenium.chrome.ChromeDriver.<init>(ChromeDriver.java:181)
at org.openqa.selenium.chrome.ChromeDriver.<init>(ChromeDriver.java:168)
at org.openqa.selenium.chrome.ChromeDriver.<init>(ChromeDriver.java:157)
at testBase.TestBase.setUp(TestBase.java:50)
at testcases.LoginPageTest.initialize(LoginPageTest.java:28)
at testcases.UserPageTest.initialize(UserPageTest.java:27)
at testcases.ViewAndUpdatePageProfilePageTest.initialize(ViewAndUpdatePageProfilePageTest.java:29)
at java.base/java.util.ArrayList.forEach(ArrayList.java:1511)
... Removed 34 stack frames]]>
    </failure>
  </testcase> <!-- @BeforeClass initialize -->
  <testcase classname="testcases.ViewAndUpdatePageProfilePageTest" name="verfiyViewAndUpadtePage" time="0.0">
    <skipped/>
  </testcase> <!-- verfiyViewAndUpadtePage -->
  <testcase classname="testcases.ViewAndUpdatePageProfilePageTest" name="uploadResumeTest" time="0.0">
    <skipped/>
  </testcase> <!-- uploadResumeTest -->
</testsuite> <!-- Test -->
